[14:28:28] [ServerMain/INFO]: Environment: Environment[sessionHost=https://sessionserver.mojang.com, servicesHost=https://api.minecraftservices.com, name=PROD]
[14:28:33] [ServerMain/INFO]: Loaded 1174 recipes
[14:28:34] [ServerMain/INFO]: Loaded 1271 advancements
[14:28:34] [Server thread/INFO]: Starting minecraft server version 1.20.4
[14:28:34] [Server thread/INFO]: Loading properties
[14:28:34] [Server thread/INFO]: This server is running Paper version git-Paper-430 (MC: 1.20.4) (Implementing API version 1.20.4-R0.1-SNAPSHOT) (Git: 4939f87)
[14:28:35] [Server thread/INFO]: Server Ping Player Sample Count: 12
[14:28:35] [Server thread/INFO]: Using 4 threads for Netty based IO
[14:28:36] [Server thread/WARN]: [!] The timings profiler has been enabled but has been scheduled for removal from Paper in the future.
    We recommend installing the spark profiler as a replacement: https://spark.lucko.me/
    For more information please visit: https://github.com/PaperMC/Paper/issues/8948
[14:28:36] [Server thread/INFO]: [ChunkTaskScheduler] Chunk system is using 1 I/O threads, 2 worker threads, and gen parallelism of 2 threads
[14:28:36] [Server thread/INFO]: Default game type: SURVIVAL
[14:28:36] [Server thread/INFO]: Generating keypair
[14:28:36] [Server thread/INFO]: Starting Minecraft server on *:25565
[14:28:37] [Server thread/INFO]: Using default channel type
[14:28:37] [Server thread/INFO]: Paper: Using Java compression from Velocity.
[14:28:37] [Server thread/INFO]: Paper: Using Java cipher from Velocity.
[14:28:37] [Server thread/INFO]: [ProtocolLib] Loading server plugin ProtocolLib v5.2.0-SNAPSHOT-679
[14:28:40] [Server thread/INFO]: [Sentinel] Loading server plugin Sentinel v0.2.5
[14:28:40] [Server thread/INFO]: [PluginManager] Loading server plugin PluginManager v2.8.1
[14:28:40] [Server thread/INFO]: Server permissions file permissions.yml is empty, ignoring it
[14:28:40] [Server thread/INFO]: [ProtocolLib] Enabling ProtocolLib v5.2.0-SNAPSHOT-679
[14:28:40] [Server thread/INFO]: Preparing level "world"
[14:28:40] [Server thread/INFO]: Preparing start region for dimension minecraft:overworld
[14:28:41] [Server thread/INFO]: Time elapsed: 469 ms
[14:28:41] [Server thread/INFO]: Preparing start region for dimension minecraft:the_nether
[14:28:41] [Server thread/INFO]: Time elapsed: 54 ms
[14:28:41] [Server thread/INFO]: Preparing start region for dimension minecraft:the_end
[14:28:41] [Server thread/INFO]: Time elapsed: 49 ms
[14:28:41] [Server thread/INFO]: [Sentinel] Enabling Sentinel v0.2.5
[14:28:41] [Server thread/INFO]: 
]======------ Pre-load started! ------======[
[14:28:41] [Server thread/INFO]: Loading Config...
[14:28:41] [Server thread/INFO]: Loading Dictionary (en-us.json)...
[14:28:41] [Server thread/INFO]: Loading ProtocolLib
[14:28:41] [Server thread/INFO]: Language Status: (Sentinel language is working!)
[14:28:41] [Server thread/INFO]: Initializing Server ID...
[14:28:41] [Server thread/INFO]: Pre-load finished!
]====---- Requesting Authentication ----====[ 
- License Key: null
- Server ID: 3b0a88d08c2a2320f3eb06d9a066a68d1952379417e142beb370e4e6ed6dfc58
[14:28:42] [Server thread/INFO]: Auth Requested...
[14:28:42] [Server thread/INFO]: 
]======----- Auth Success! -----======[
[14:28:42] [Server thread/INFO]: 
]======----- Loading Sentinel! -----======[
[14:28:42] [Server thread/INFO]: Starting Up! (0.2.5)...
[14:28:42] [Server thread/INFO]: Finished!
 ____                   __                        ___      
/\  _`\                /\ \__  __                /\_ \     
\ \,\L\_\     __    ___\ \ ,_\/\_\    ___      __\//\ \    
 \/_\__ \   /'__`\/' _ `\ \ \/\/\ \ /' _ `\  /'__`\\ \ \   
   /\ \L\ \/\  __//\ \/\ \ \ \_\ \ \/\ \/\ \/\  __/ \_\ \_ 
   \ `\____\ \____\ \_\ \_\ \__\\ \_\ \_\ \_\ \____\/\____\
    \/_____/\/____/\/_/\/_/\/__/ \/_/\/_/\/_/\/____/\/____/
     ]====---- Advanced Anti-Grief & Chat Filter ----====[
[14:28:42] [Server thread/INFO]: [PluginManager] Enabling PluginManager v2.8.1
[14:28:42] [Server thread/INFO]: Running delayed init tasks
[14:28:42] [Server thread/INFO]: Done (7.563s)! For help, type "help"
[14:28:42] [Server thread/INFO]: Timings Reset
[14:28:42] [Craft Scheduler Thread - 3 - PluginManager/INFO]: PM | You are using the latest version of PluginManager.
[14:28:51] [Server thread/INFO]: Correct Usage: none
[14:29:00] [Server thread/INFO]: [Sentinel] Disabling Sentinel v0.2.5
[14:29:00] [Server thread/INFO]: Sentinel has disabled! (0.2.5) Your server is now no longer protected!
[14:29:00] [Server thread/INFO]: PM | The plugin has been unloaded.
[14:29:38] [Server thread/INFO]: [Sentinel] Loading server plugin Sentinel v0.2.5
[14:29:38] [Server thread/INFO]: [Sentinel] Enabling Sentinel v0.2.5
[14:29:38] [Server thread/INFO]: 
]======------ Pre-load started! ------======[
[14:29:38] [Server thread/INFO]: Loading Config...
[14:29:38] [Server thread/INFO]: Loading Dictionary (en-us.json)...
[14:29:38] [Server thread/INFO]: Loading ProtocolLib
[14:29:38] [Server thread/INFO]: Language Status: (Sentinel language is working!)
[14:29:38] [Server thread/INFO]: Initializing Server ID...
[14:29:38] [Server thread/INFO]: Pre-load finished!
]====---- Requesting Authentication ----====[ 
- License Key: null
- Server ID: 3b0a88d08c2a2320f3eb06d9a066a68d1952379417e142beb370e4e6ed6dfc58
[14:29:38] [Server thread/INFO]: Auth Requested...
[14:29:38] [Server thread/INFO]: 
]======----- Auth Success! -----======[
[14:29:38] [Server thread/INFO]: 
]======----- Loading Sentinel! -----======[
[14:29:38] [Server thread/INFO]: Starting Up! (0.2.5)...
[14:29:38] [Server thread/INFO]: Finished!
 ____                   __                        ___      
/\  _`\                /\ \__  __                /\_ \     
\ \,\L\_\     __    ___\ \ ,_\/\_\    ___      __\//\ \    
 \/_\__ \   /'__`\/' _ `\ \ \/\/\ \ /' _ `\  /'__`\\ \ \   
   /\ \L\ \/\  __//\ \/\ \ \ \_\ \ \/\ \/\ \/\  __/ \_\ \_ 
   \ `\____\ \____\ \_\ \_\ \__\\ \_\ \_\ \_\ \____\/\____\
    \/_____/\/____/\/_/\/_/\/__/ \/_/\/_/\/_/\/____/\/____/
     ]====---- Advanced Anti-Grief & Chat Filter ----====[
[14:29:38] [Server thread/INFO]: PM | The plugin has been loaded.
[14:29:47] [User Authenticator #0/INFO]: UUID of player obvWolf is 049460f7-21cb-42f5-8059-d42752bf406f
[14:29:48] [Server thread/INFO]: obvWolf joined the game
[14:29:48] [Server thread/INFO]: obvWolf[/127.0.0.1:56607] logged in with entity id 363 at ([world]35.81923900676791, 65.0, -17.30000001192093)
[14:30:10] [Server thread/INFO]: obvWolf issued server command: /sentinel debug chat sentanal anti nuook
[14:30:11] [Server thread/INFO]: obvWolf issued server command: /sentinelcallback fpreport 20240221143010067
[14:30:27] [Server thread/INFO]: [Sentinel] Disabling Sentinel v0.2.5
[14:30:27] [Server thread/INFO]: Sentinel has disabled! (0.2.5) Your server is now no longer protected!
[14:30:27] [Server thread/INFO]: PM | The plugin has been unloaded.
[14:30:47] [Server thread/INFO]: [Sentinel] Loading server plugin Sentinel v0.2.5
[14:30:47] [Server thread/INFO]: [Sentinel] Enabling Sentinel v0.2.5
[14:30:47] [Server thread/INFO]: 
]======------ Pre-load started! ------======[
[14:30:47] [Server thread/INFO]: Loading Config...
[14:30:47] [Server thread/INFO]: Loading Dictionary (en-us.json)...
[14:30:47] [Server thread/INFO]: Loading ProtocolLib
[14:30:47] [Server thread/INFO]: Language Status: (Sentinel language is working!)
[14:30:47] [Server thread/INFO]: Initializing Server ID...
[14:30:47] [Server thread/INFO]: Pre-load finished!
]====---- Requesting Authentication ----====[ 
- License Key: null
- Server ID: 3b0a88d08c2a2320f3eb06d9a066a68d1952379417e142beb370e4e6ed6dfc58
[14:30:47] [Server thread/INFO]: Auth Requested...
[14:30:47] [Server thread/INFO]: 
]======----- Auth Success! -----======[
[14:30:47] [Server thread/INFO]: 
]======----- Loading Sentinel! -----======[
[14:30:47] [Server thread/INFO]: Starting Up! (0.2.5)...
[14:30:47] [Server thread/INFO]: Finished!
 ____                   __                        ___      
/\  _`\                /\ \__  __                /\_ \     
\ \,\L\_\     __    ___\ \ ,_\/\_\    ___      __\//\ \    
 \/_\__ \   /'__`\/' _ `\ \ \/\/\ \ /' _ `\  /'__`\\ \ \   
   /\ \L\ \/\  __//\ \/\ \ \ \_\ \ \/\ \/\ \/\  __/ \_\ \_ 
   \ `\____\ \____\ \_\ \_\ \__\\ \_\ \_\ \_\ \____\/\____\
    \/_____/\/____/\/_/\/_/\/__/ \/_/\/_/\/_/\/____/\/____/
     ]====---- Advanced Anti-Grief & Chat Filter ----====[
[14:30:47] [Server thread/INFO]: PM | The plugin has been loaded.
[14:30:51] [Server thread/INFO]: obvWolf issued server command: /sentinel debug chat sentanal anti nuook
[14:30:52] [Server thread/INFO]: obvWolf issued server command: /sentinelcallback fpreport 20240221143051429
[14:30:52] [Server thread/WARN]: java.lang.NullPointerException: Cannot invoke "io.github.thetrouper.sentinel.data.Report.event()" because "report" is null
[14:30:52] [Server thread/WARN]: 	at Sentinel-0.2.5.jar//io.github.thetrouper.sentinel.server.functions.ReportFalsePositives.sendFalsePositiveReport(ReportFalsePositives.java:57)
[14:30:52] [Server thread/WARN]: 	at Sentinel-0.2.5.jar//io.github.thetrouper.sentinel.cmds.ChatClickCallback.dispatchCommand(ChatClickCallback.java:27)
[14:30:52] [Server thread/WARN]: 	at Sentinel-0.2.5.jar//io.github.itzispyder.pdk.commands.CustomCommand.onCommand(CustomCommand.java:49)
[14:30:52] [Server thread/WARN]: 	at org.bukkit.command.PluginCommand.execute(PluginCommand.java:45)
[14:30:52] [Server thread/WARN]: 	at org.bukkit.command.SimpleCommandMap.dispatch(SimpleCommandMap.java:155)
[14:30:52] [Server thread/WARN]: 	at org.bukkit.craftbukkit.v1_20_R3.CraftServer.dispatchCommand(CraftServer.java:999)
[14:30:52] [Server thread/WARN]: 	at org.bukkit.craftbukkit.v1_20_R3.command.BukkitCommandWrapper.run(BukkitCommandWrapper.java:64)
[14:30:52] [Server thread/WARN]: 	at com.mojang.brigadier.context.ContextChain.runExecutable(ContextChain.java:73)
[14:30:52] [Server thread/WARN]: 	at net.minecraft.commands.execution.tasks.ExecuteCommand.a(ExecuteCommand.java:32)
[14:30:52] [Server thread/WARN]: 	at net.minecraft.commands.execution.tasks.ExecuteCommand.execute(ExecuteCommand.java:19)
[14:30:52] [Server thread/WARN]: 	at net.minecraft.commands.execution.UnboundEntryAction.a(UnboundEntryAction.java:8)
[14:30:52] [Server thread/WARN]: 	at net.minecraft.commands.execution.CommandQueueEntry.a(CommandQueueEntry.java:5)
[14:30:52] [Server thread/WARN]: 	at net.minecraft.commands.execution.ExecutionContext.a(ExecutionContext.java:101)
[14:30:52] [Server thread/WARN]: 	at net.minecraft.commands.CommandDispatcher.a(CommandDispatcher.java:434)
[14:30:52] [Server thread/WARN]: 	at net.minecraft.commands.CommandDispatcher.performCommand(CommandDispatcher.java:336)
[14:30:52] [Server thread/WARN]: 	at net.minecraft.commands.CommandDispatcher.a(CommandDispatcher.java:323)
[14:30:52] [Server thread/WARN]: 	at net.minecraft.server.network.PlayerConnection.a(PlayerConnection.java:2230)
[14:30:52] [Server thread/WARN]: 	at net.minecraft.server.network.PlayerConnection.lambda$handleChatCommand$14(PlayerConnection.java:2190)
[14:30:52] [Server thread/WARN]: 	at net.minecraft.util.thread.IAsyncTaskHandler.b(IAsyncTaskHandler.java:59)
[14:30:52] [Server thread/WARN]: 	at java.base/java.util.concurrent.CompletableFuture$AsyncSupply.run(CompletableFuture.java:1768)
[14:30:52] [Server thread/WARN]: 	at net.minecraft.server.TickTask.run(TickTask.java:18)
[14:30:52] [Server thread/WARN]: 	at net.minecraft.util.thread.IAsyncTaskHandler.d(IAsyncTaskHandler.java:153)
[14:30:52] [Server thread/WARN]: 	at net.minecraft.util.thread.IAsyncTaskHandlerReentrant.d(IAsyncTaskHandlerReentrant.java:24)
[14:30:52] [Server thread/WARN]: 	at net.minecraft.server.MinecraftServer.b(MinecraftServer.java:1455)
[14:30:52] [Server thread/WARN]: 	at net.minecraft.server.MinecraftServer.d(MinecraftServer.java:194)
[14:30:52] [Server thread/WARN]: 	at net.minecraft.util.thread.IAsyncTaskHandler.x(IAsyncTaskHandler.java:126)
[14:30:52] [Server thread/WARN]: 	at net.minecraft.server.MinecraftServer.bl(MinecraftServer.java:1432)
[14:30:52] [Server thread/WARN]: 	at net.minecraft.server.MinecraftServer.x(MinecraftServer.java:1355)
[14:30:52] [Server thread/WARN]: 	at net.minecraft.util.thread.IAsyncTaskHandler.c(IAsyncTaskHandler.java:136)
[14:30:52] [Server thread/WARN]: 	at net.minecraft.server.MinecraftServer.w_(MinecraftServer.java:1333)
[14:30:52] [Server thread/WARN]: 	at net.minecraft.server.MinecraftServer.w(MinecraftServer.java:1222)
[14:30:52] [Server thread/WARN]: 	at net.minecraft.server.MinecraftServer.lambda$spin$0(MinecraftServer.java:319)
[14:30:52] [Server thread/WARN]: 	at java.base/java.lang.Thread.run(Thread.java:840)
[14:31:15] [Server thread/INFO]: obvWolf lost connection: Disconnected
[14:31:15] [Server thread/INFO]: obvWolf left the game
[14:32:46] [Server thread/WARN]: Can't keep up! Is the server overloaded? Running 21277ms or 425 ticks behind
[15:06:57] [Server thread/INFO]: Stopping the server
[15:06:57] [Server thread/INFO]: Stopping server
[15:06:57] [Server thread/INFO]: [Sentinel] Disabling Sentinel v0.2.5
[15:06:57] [Server thread/INFO]: Sentinel has disabled! (0.2.5) Your server is now no longer protected!
[15:06:57] [Server thread/INFO]: [PluginManager] Disabling PluginManager v2.8.1
[15:06:57] [Server thread/INFO]: [ProtocolLib] Disabling ProtocolLib v5.2.0-SNAPSHOT-679
[15:06:57] [Server thread/INFO]: Saving players
[15:06:57] [Server thread/INFO]: Saving worlds
[15:06:57] [Server thread/INFO]: Saving chunks for level 'ServerLevel[world]'/minecraft:overworld
[15:06:57] [Server thread/INFO]: [ChunkHolderManager] Waiting 60s for chunk system to halt for world 'world'
[15:06:57] [Server thread/INFO]: [ChunkHolderManager] Halted chunk system for world 'world'
[15:06:57] [Server thread/INFO]: [ChunkHolderManager] Saving all chunkholders for world 'world'
[15:06:57] [Server thread/INFO]: [ChunkHolderManager] Saved 1 block chunks, 132 entity chunks, 0 poi chunks in world 'world' in 0.04s
[15:06:57] [Server thread/INFO]: ThreadedAnvilChunkStorage (world): All chunks are saved
[15:06:57] [Server thread/INFO]: Saving chunks for level 'ServerLevel[world_nether]'/minecraft:the_nether
[15:06:57] [Server thread/INFO]: [ChunkHolderManager] Waiting 60s for chunk system to halt for world 'world_nether'
[15:06:57] [Server thread/INFO]: [ChunkHolderManager] Halted chunk system for world 'world_nether'
[15:06:57] [Server thread/INFO]: [ChunkHolderManager] Saving all chunkholders for world 'world_nether'
[15:06:57] [Server thread/INFO]: [ChunkHolderManager] Saved 0 block chunks, 8 entity chunks, 0 poi chunks in world 'world_nether' in 0.00s
[15:06:58] [Server thread/INFO]: ThreadedAnvilChunkStorage (DIM-1): All chunks are saved
[15:06:58] [Server thread/INFO]: Saving chunks for level 'ServerLevel[world_the_end]'/minecraft:the_end
[15:06:58] [Server thread/INFO]: [ChunkHolderManager] Waiting 60s for chunk system to halt for world 'world_the_end'
[15:06:58] [Server thread/INFO]: [ChunkHolderManager] Halted chunk system for world 'world_the_end'
[15:06:58] [Server thread/INFO]: [ChunkHolderManager] Saving all chunkholders for world 'world_the_end'
[15:06:58] [Server thread/INFO]: [ChunkHolderManager] Saved 0 block chunks, 10 entity chunks, 0 poi chunks in world 'world_the_end' in 0.00s
[15:06:58] [Server thread/INFO]: ThreadedAnvilChunkStorage (DIM1): All chunks are saved
[15:06:58] [Server thread/INFO]: ThreadedAnvilChunkStorage: All dimensions are saved
[15:06:58] [Server thread/INFO]: Flushing Chunk IO
[15:06:58] [Server thread/INFO]: Closing Thread Pool
[15:06:58] [Server thread/INFO]: Closing Server
